#
# There is insufficient memory for the Java Runtime Environment to continue.
# Native memory allocation (malloc) failed to allocate 1006816 bytes. Error detail: Chunk::new
# Possible reasons:
#   The system is out of physical RAM or swap space
#   This process is running with CompressedOops enabled, and the Java Heap may be blocking the growth of the native heap
# Possible solutions:
#   Reduce memory load on the system
#   Increase physical memory or swap space
#   Check if swap backing store is full
#   Decrease Java heap size (-Xmx/-Xms)
#   Decrease number of Java threads
#   Decrease Java thread stack sizes (-Xss)
#   Set larger code cache with -XX:ReservedCodeCacheSize=
#   JVM is running with Zero Based Compressed Oops mode in which the Java heap is
#     placed in the first 32GB address space. The Java Heap base address is the
#     maximum limit for the native heap growth. Please use -XX:HeapBaseMinAddress
#     to set the Java Heap base and to place the Java Heap above 32GB virtual address.
# This output file may be truncated or incomplete.
#
#  Out of Memory Error (arena.cpp:168), pid=17072, tid=24516
#
# JRE version: OpenJDK Runtime Environment JBR-21.0.8+1-1038.72-jcef (21.0.8+1) (build 21.0.8+1-b1038.72)
# Java VM: OpenJDK 64-Bit Server VM JBR-21.0.8+1-1038.72-jcef (21.0.8+1-b1038.72, mixed mode, sharing, tiered, compressed oops, compressed class ptrs, g1 gc, windows-amd64)
# No core dump will be written. Minidumps are not enabled by default on client versions of Windows
#

---------------  S U M M A R Y ------------

Command Line: git4idea.http.GitAskPassApp Password for 'https://Youssef-BenNejah@github.com': 

Host: 12th Gen Intel(R) Core(TM) i5-12400F, 12 cores, 31G,  Windows 10 , 64 bit Build 19041 (10.0.19041.5915)
Time: Thu Oct 23 09:53:38 2025 Paris, Madrid elapsed time: 0.269241 seconds (0d 0h 0m 0s)

---------------  T H R E A D  ---------------

Current thread (0x000001f9c34252a0):  JavaThread "C2 CompilerThread1" daemon [_thread_in_native, id=24516, stack(0x000000e765d00000,0x000000e765e00000) (1024K)]


Current CompileTask:
C2:269 1091       4       sun.security.ec.ECOperations::setDouble (463 bytes)

Stack: [0x000000e765d00000,0x000000e765e00000]
Native frames: (J=compiled Java code, j=interpreted, Vv=VM code, C=native code)
V  [jvm.dll+0x6ebeb9]
V  [jvm.dll+0x8cbec3]
V  [jvm.dll+0x8ce47e]
V  [jvm.dll+0x8ceb63]
V  [jvm.dll+0x28adf6]
V  [jvm.dll+0xc6f3d]
V  [jvm.dll+0xc7473]
V  [jvm.dll+0x301d10]
V  [jvm.dll+0x611aa9]
V  [jvm.dll+0x25aea2]
V  [jvm.dll+0x25b25f]
V  [jvm.dll+0x253a05]
V  [jvm.dll+0x25125e]
V  [jvm.dll+0x1ceb64]
V  [jvm.dll+0x260bfe]
V  [jvm.dll+0x25f146]
V  [jvm.dll+0x402ee6]
V  [jvm.dll+0x873a78]
V  [jvm.dll+0x6ea63d]
C  [ucrtbase.dll+0x21bb2]
C  [KERNEL32.DLL+0x17374]
C  [ntdll.dll+0x4cc91]


---------------  P R O C E S S  ---------------

Threads class SMR info:
_java_thread_list=0x000001f9c36a80c0, length=16, elements={
0x000001f9a0cd2d40, 0x000001f9c31cf1f0, 0x000001f9c31d3680, 0x000001f9c31d52f0,
0x000001f9c31d7d60, 0x000001f9c31d87c0, 0x000001f9c31d94a0, 0x000001f9c31d9f00,
0x000001f9c31e4cb0, 0x000001f9c31ef250, 0x000001f9c3330880, 0x000001f9c34252a0,
0x000001f9c35c0cf0, 0x000001f9c36240f0, 0x000001f9c36a8da0, 0x000001f9c3425970
}

Java Threads: ( => current thread )
  0x000001f9a0cd2d40 JavaThread "main"                              [_thread_blocked, id=8740, stack(0x000000e764b00000,0x000000e764c00000) (1024K)]
  0x000001f9c31cf1f0 JavaThread "Common-Cleaner"             daemon [_thread_blocked, id=26828, stack(0x000000e765300000,0x000000e765400000) (1024K)]
  0x000001f9c31d3680 JavaThread "Reference Handler"          daemon [_thread_blocked, id=24592, stack(0x000000e765400000,0x000000e765500000) (1024K)]
  0x000001f9c31d52f0 JavaThread "Finalizer"                  daemon [_thread_blocked, id=16696, stack(0x000000e765500000,0x000000e765600000) (1024K)]
  0x000001f9c31d7d60 JavaThread "Signal Dispatcher"          daemon [_thread_blocked, id=17160, stack(0x000000e765600000,0x000000e765700000) (1024K)]
  0x000001f9c31d87c0 JavaThread "Attach Listener"            daemon [_thread_blocked, id=25440, stack(0x000000e765700000,0x000000e765800000) (1024K)]
  0x000001f9c31d94a0 JavaThread "Service Thread"             daemon [_thread_blocked, id=26116, stack(0x000000e765800000,0x000000e765900000) (1024K)]
  0x000001f9c31d9f00 JavaThread "Monitor Deflation Thread"   daemon [_thread_blocked, id=4100, stack(0x000000e765900000,0x000000e765a00000) (1024K)]
  0x000001f9c31e4cb0 JavaThread "C2 CompilerThread0"         daemon [_thread_blocked, id=1036, stack(0x000000e765a00000,0x000000e765b00000) (1024K)]
  0x000001f9c31ef250 JavaThread "C1 CompilerThread0"         daemon [_thread_in_native, id=22280, stack(0x000000e765b00000,0x000000e765c00000) (1024K)]
  0x000001f9c3330880 JavaThread "Notification Thread"        daemon [_thread_blocked, id=7096, stack(0x000000e765c00000,0x000000e765d00000) (1024K)]
=>0x000001f9c34252a0 JavaThread "C2 CompilerThread1"         daemon [_thread_in_native, id=24516, stack(0x000000e765d00000,0x000000e765e00000) (1024K)]
  0x000001f9c35c0cf0 JavaThread "HttpClient-1-SelectorManager" daemon [_thread_in_native, id=19404, stack(0x000000e765e00000,0x000000e765f00000) (1024K)]
  0x000001f9c36240f0 JavaThread "HttpClient-1-Worker-0"      daemon [_thread_in_Java, id=26060, stack(0x000000e766000000,0x000000e766100000) (1024K)]
  0x000001f9c36a8da0 JavaThread "HttpClient-1-Worker-1"      daemon [_thread_blocked, id=19956, stack(0x000000e766100000,0x000000e766200000) (1024K)]
  0x000001f9c3425970 JavaThread "C2 CompilerThread2"         daemon [_thread_blocked, id=21372, stack(0x000000e766200000,0x000000e766300000) (1024K)]
Total: 16

Other Threads:
  0x000001f9c31b3880 VMThread "VM Thread"                           [id=16364, stack(0x000000e765200000,0x000000e765300000) (1024K)]
  0x000001f9c28ffea0 WatcherThread "VM Periodic Task Thread"        [id=24544, stack(0x000000e765100000,0x000000e765200000) (1024K)]
  0x000001f9a2fb5600 WorkerThread "GC Thread#0"                     [id=4440, stack(0x000000e764c00000,0x000000e764d00000) (1024K)]
  0x000001f9a2fc6620 ConcurrentGCThread "G1 Main Marker"            [id=25468, stack(0x000000e764d00000,0x000000e764e00000) (1024K)]
  0x000001f9a2fc78d0 WorkerThread "G1 Conc#0"                       [id=21436, stack(0x000000e764e00000,0x000000e764f00000) (1024K)]
  0x000001f9c27bc730 ConcurrentGCThread "G1 Refine#0"               [id=23060, stack(0x000000e764f00000,0x000000e765000000) (1024K)]
  0x000001f9c27bd1b0 ConcurrentGCThread "G1 Service"                [id=2040, stack(0x000000e765000000,0x000000e765100000) (1024K)]
Total: 7

Threads with active compile tasks:
C1 CompilerThread0  280 1204       3       sun.net.util.URLUtil::urlNoFragString (143 bytes)
C2 CompilerThread1  280 1091       4       sun.security.ec.ECOperations::setDouble (463 bytes)
Total: 2

VM state: not at safepoint (normal execution)

VM Mutex/Monitor currently owned by a thread:  ([mutex/lock_event])
[0x00007ffb3c9b66d8] MethodCompileQueue_lock - owner thread: 0x0000000000000000

Heap address: 0x0000000602c00000, size: 8148 MB, Compressed Oops mode: Zero based, Oop shift amount: 3

CDS archive(s) mapped at: [0x000001f9c4000000-0x000001f9c5c00000-0x000001f9c5c00000), size 29360128, SharedBaseAddress: 0x000001f9c4000000, ArchiveRelocationMode: 1.
Compressed class space mapped at: 0x000001f9c6000000-0x000001fa06000000, reserved size: 1073741824
Narrow klass base: 0x000001f9c4000000, Narrow klass shift: 0, Narrow klass range: 0x100000000

GC Precious Log:
 CardTable entry size: 512
 Card Set container configuration: InlinePtr #cards 4 size 8 Array Of Cards #cards 32 size 80 Howl #buckets 8 coarsen threshold 7372 Howl Bitmap #cards 1024 size 144 coarsen threshold 921 Card regions per heap region 1 cards per card region 8192
 CPUs: 12 total, 12 available
 Memory: 32581M
 Large Page Support: Disabled
 NUMA Support: Disabled
 Compressed Oops: Enabled (Zero based)
 Heap Region Size: 4M
 Heap Min Capacity: 8M
 Heap Initial Capacity: 512M
 Heap Max Capacity: 8148M
 Pre-touch: Disabled
 Parallel Workers: 10
 Concurrent Workers: 3
 Concurrent Refinement Workers: 10
 Periodic GC: Disabled

Heap:
 garbage-first heap   total 524288K, used 16384K [0x0000000602c00000, 0x0000000800000000)
  region size 4096K, 5 young (20480K), 0 survivors (0K)
 Metaspace       used 3547K, committed 3776K, reserved 1114112K
  class space    used 431K, committed 512K, reserved 1048576K

Heap Regions: E=young(eden), S=young(survivor), O=old, HS=humongous(starts), HC=humongous(continues), CS=collection set, F=free, TAMS=top-at-mark-start, PB=parsable bottom
|   0|0x0000000602c00000, 0x0000000602c00000, 0x0000000603000000|  0%| F|  |TAMS 0x0000000602c00000| PB 0x0000000602c00000| Untracked 
|   1|0x0000000603000000, 0x0000000603000000, 0x0000000603400000|  0%| F|  |TAMS 0x0000000603000000| PB 0x0000000603000000| Untracked 
|   2|0x0000000603400000, 0x0000000603400000, 0x0000000603800000|  0%| F|  |TAMS 0x0000000603400000| PB 0x0000000603400000| Untracked 
|   3|0x0000000603800000, 0x0000000603800000, 0x0000000603c00000|  0%| F|  |TAMS 0x0000000603800000| PB 0x0000000603800000| Untracked 
|   4|0x0000000603c00000, 0x0000000603c00000, 0x0000000604000000|  0%| F|  |TAMS 0x0000000603c00000| PB 0x0000000603c00000| Untracked 
|   5|0x0000000604000000, 0x0000000604000000, 0x0000000604400000|  0%| F|  |TAMS 0x0000000604000000| PB 0x0000000604000000| Untracked 
|   6|0x0000000604400000, 0x0000000604400000, 0x0000000604800000|  0%| F|  |TAMS 0x0000000604400000| PB 0x0000000604400000| Untracked 
|   7|0x0000000604800000, 0x0000000604800000, 0x0000000604c00000|  0%| F|  |TAMS 0x0000000604800000| PB 0x0000000604800000| Untracked 
|   8|0x0000000604c00000, 0x0000000604c00000, 0x0000000605000000|  0%| F|  |TAMS 0x0000000604c00000| PB 0x0000000604c00000| Untracked 
|   9|0x0000000605000000, 0x0000000605000000, 0x0000000605400000|  0%| F|  |TAMS 0x0000000605000000| PB 0x0000000605000000| Untracked 
|  10|0x0000000605400000, 0x0000000605400000, 0x0000000605800000|  0%| F|  |TAMS 0x0000000605400000| PB 0x0000000605400000| Untracked 
|  11|0x0000000605800000, 0x0000000605800000, 0x0000000605c00000|  0%| F|  |TAMS 0x0000000605800000| PB 0x0000000605800000| Untracked 
|  12|0x0000000605c00000, 0x0000000605c00000, 0x0000000606000000|  0%| F|  |TAMS 0x0000000605c00000| PB 0x0000000605c00000| Untracked 
|  13|0x0000000606000000, 0x0000000606000000, 0x0000000606400000|  0%| F|  |TAMS 0x0000000606000000| PB 0x0000000606000000| Untracked 
|  14|0x0000000606400000, 0x0000000606400000, 0x0000000606800000|  0%| F|  |TAMS 0x0000000606400000| PB 0x0000000606400000| Untracked 
|  15|0x0000000606800000, 0x0000000606800000, 0x0000000606c00000|  0%| F|  |TAMS 0x0000000606800000| PB 0x0000000606800000| Untracked 
|  16|0x0000000606c00000, 0x0000000606c00000, 0x0000000607000000|  0%| F|  |TAMS 0x0000000606c00000| PB 0x0000000606c00000| Untracked 
|  17|0x0000000607000000, 0x0000000607000000, 0x0000000607400000|  0%| F|  |TAMS 0x0000000607000000| PB 0x0000000607000000| Untracked 
|  18|0x0000000607400000, 0x0000000607400000, 0x0000000607800000|  0%| F|  |TAMS 0x0000000607400000| PB 0x0000000607400000| Untracked 
|  19|0x0000000607800000, 0x0000000607800000, 0x0000000607c00000|  0%| F|  |TAMS 0x0000000607800000| PB 0x0000000607800000| Untracked 
|  20|0x0000000607c00000, 0x0000000607c00000, 0x0000000608000000|  0%| F|  |TAMS 0x0000000607c00000| PB 0x0000000607c00000| Untracked 
|  21|0x0000000608000000, 0x0000000608000000, 0x0000000608400000|  0%| F|  |TAMS 0x0000000608000000| PB 0x0000000608000000| Untracked 
|  22|0x0000000608400000, 0x0000000608400000, 0x0000000608800000|  0%| F|  |TAMS 0x0000000608400000| PB 0x0000000608400000| Untracked 
|  23|0x0000000608800000, 0x0000000608800000, 0x0000000608c00000|  0%| F|  |TAMS 0x0000000608800000| PB 0x0000000608800000| Untracked 
|  24|0x0000000608c00000, 0x0000000608c00000, 0x0000000609000000|  0%| F|  |TAMS 0x0000000608c00000| PB 0x0000000608c00000| Untracked 
|  25|0x0000000609000000, 0x0000000609000000, 0x0000000609400000|  0%| F|  |TAMS 0x0000000609000000| PB 0x0000000609000000| Untracked 
|  26|0x0000000609400000, 0x0000000609400000, 0x0000000609800000|  0%| F|  |TAMS 0x0000000609400000| PB 0x0000000609400000| Untracked 
|  27|0x0000000609800000, 0x0000000609800000, 0x0000000609c00000|  0%| F|  |TAMS 0x0000000609800000| PB 0x0000000609800000| Untracked 
|  28|0x0000000609c00000, 0x0000000609c00000, 0x000000060a000000|  0%| F|  |TAMS 0x0000000609c00000| PB 0x0000000609c00000| Untracked 
|  29|0x000000060a000000, 0x000000060a000000, 0x000000060a400000|  0%| F|  |TAMS 0x000000060a000000| PB 0x000000060a000000| Untracked 
|  30|0x000000060a400000, 0x000000060a400000, 0x000000060a800000|  0%| F|  |TAMS 0x000000060a400000| PB 0x000000060a400000| Untracked 
|  31|0x000000060a800000, 0x000000060a800000, 0x000000060ac00000|  0%| F|  |TAMS 0x000000060a800000| PB 0x000000060a800000| Untracked 
|  32|0x000000060ac00000, 0x000000060ac00000, 0x000000060b000000|  0%| F|  |TAMS 0x000000060ac00000| PB 0x000000060ac00000| Untracked 
|  33|0x000000060b000000, 0x000000060b000000, 0x000000060b400000|  0%| F|  |TAMS 0x000000060b000000| PB 0x000000060b000000| Untracked 
|  34|0x000000060b400000, 0x000000060b400000, 0x000000060b800000|  0%| F|  |TAMS 0x000000060b400000| PB 0x000000060b400000| Untracked 
|  35|0x000000060b800000, 0x000000060b800000, 0x000000060bc00000|  0%| F|  |TAMS 0x000000060b800000| PB 0x000000060b800000| Untracked 
|  36|0x000000060bc00000, 0x000000060bc00000, 0x000000060c000000|  0%| F|  |TAMS 0x000000060bc00000| PB 0x000000060bc00000| Untracked 
|  37|0x000000060c000000, 0x000000060c000000, 0x000000060c400000|  0%| F|  |TAMS 0x000000060c000000| PB 0x000000060c000000| Untracked 
|  38|0x000000060c400000, 0x000000060c400000, 0x000000060c800000|  0%| F|  |TAMS 0x000000060c400000| PB 0x000000060c400000| Untracked 
|  39|0x000000060c800000, 0x000000060c800000, 0x000000060cc00000|  0%| F|  |TAMS 0x000000060c800000| PB 0x000000060c800000| Untracked 
|  40|0x000000060cc00000, 0x000000060cc00000, 0x000000060d000000|  0%| F|  |TAMS 0x000000060cc00000| PB 0x000000060cc00000| Untracked 
|  41|0x000000060d000000, 0x000000060d000000, 0x000000060d400000|  0%| F|  |TAMS 0x000000060d000000| PB 0x000000060d000000| Untracked 
|  42|0x000000060d400000, 0x000000060d400000, 0x000000060d800000|  0%| F|  |TAMS 0x000000060d400000| PB 0x000000060d400000| Untracked 
|  43|0x000000060d800000, 0x000000060d800000, 0x000000060dc00000|  0%| F|  |TAMS 0x000000060d800000| PB 0x000000060d800000| Untracked 
|  44|0x000000060dc00000, 0x000000060dc00000, 0x000000060e000000|  0%| F|  |TAMS 0x000000060dc00000| PB 0x000000060dc00000| Untracked 
|  45|0x000000060e000000, 0x000000060e000000, 0x000000060e400000|  0%| F|  |TAMS 0x000000060e000000| PB 0x000000060e000000| Untracked 
|  46|0x000000060e400000, 0x000000060e400000, 0x000000060e800000|  0%| F|  |TAMS 0x000000060e400000| PB 0x000000060e400000| Untracked 
|  47|0x000000060e800000, 0x000000060e800000, 0x000000060ec00000|  0%| F|  |TAMS 0x000000060e800000| PB 0x000000060e800000| Untracked 
|  48|0x000000060ec00000, 0x000000060ec00000, 0x000000060f000000|  0%| F|  |TAMS 0x000000060ec00000| PB 0x000000060ec00000| Untracked 
|  49|0x000000060f000000, 0x000000060f000000, 0x000000060f400000|  0%| F|  |TAMS 0x000000060f000000| PB 0x000000060f000000| Untracked 
|  50|0x000000060f400000, 0x000000060f400000, 0x000000060f800000|  0%| F|  |TAMS 0x000000060f400000| PB 0x000000060f400000| Untracked 
|  51|0x000000060f800000, 0x000000060f800000, 0x000000060fc00000|  0%| F|  |TAMS 0x000000060f800000| PB 0x000000060f800000| Untracked 
|  52|0x000000060fc00000, 0x000000060fc00000, 0x0000000610000000|  0%| F|  |TAMS 0x000000060fc00000| PB 0x000000060fc00000| Untracked 
|  53|0x0000000610000000, 0x0000000610000000, 0x0000000610400000|  0%| F|  |TAMS 0x0000000610000000| PB 0x0000000610000000| Untracked 
|  54|0x0000000610400000, 0x0000000610400000, 0x0000000610800000|  0%| F|  |TAMS 0x0000000610400000| PB 0x0000000610400000| Untracked 
|  55|0x0000000610800000, 0x0000000610800000, 0x0000000610c00000|  0%| F|  |TAMS 0x0000000610800000| PB 0x0000000610800000| Untracked 
|  56|0x0000000610c00000, 0x0000000610c00000, 0x0000000611000000|  0%| F|  |TAMS 0x0000000610c00000| PB 0x0000000610c00000| Untracked 
|  57|0x0000000611000000, 0x0000000611000000, 0x0000000611400000|  0%| F|  |TAMS 0x0000000611000000| PB 0x0000000611000000| Untracked 
|  58|0x0000000611400000, 0x0000000611400000, 0x0000000611800000|  0%| F|  |TAMS 0x0000000611400000| PB 0x0000000611400000| Untracked 
|  59|0x0000000611800000, 0x0000000611800000, 0x0000000611c00000|  0%| F|  |TAMS 0x0000000611800000| PB 0x0000000611800000| Untracked 
|  60|0x0000000611c00000, 0x0000000611c00000, 0x0000000612000000|  0%| F|  |TAMS 0x0000000611c00000| PB 0x0000000611c00000| Untracked 
|  61|0x0000000612000000, 0x0000000612000000, 0x0000000612400000|  0%| F|  |TAMS 0x0000000612000000| PB 0x0000000612000000| Untracked 
|  62|0x0000000612400000, 0x0000000612400000, 0x0000000612800000|  0%| F|  |TAMS 0x0000000612400000| PB 0x0000000612400000| Untracked 
|  63|0x0000000612800000, 0x0000000612800000, 0x0000000612c00000|  0%| F|  |TAMS 0x0000000612800000| PB 0x0000000612800000| Untracked 
|  64|0x0000000612c00000, 0x0000000612c00000, 0x0000000613000000|  0%| F|  |TAMS 0x0000000612c00000| PB 0x0000000612c00000| Untracked 
|  65|0x0000000613000000, 0x0000000613000000, 0x0000000613400000|  0%| F|  |TAMS 0x0000000613000000| PB 0x0000000613000000| Untracked 
|  66|0x0000000613400000, 0x0000000613400000, 0x0000000613800000|  0%| F|  |TAMS 0x0000000613400000| PB 0x0000000613400000| Untracked 
|  67|0x0000000613800000, 0x0000000613800000, 0x0000000613c00000|  0%| F|  |TAMS 0x0000000613800000| PB 0x0000000613800000| Untracked 
|  68|0x0000000613c00000, 0x0000000613c00000, 0x0000000614000000|  0%| F|  |TAMS 0x0000000613c00000| PB 0x0000000613c00000| Untracked 
|  69|0x0000000614000000, 0x0000000614000000, 0x0000000614400000|  0%| F|  |TAMS 0x0000000614000000| PB 0x0000000614000000| Untracked 
|  70|0x0000000614400000, 0x0000000614400000, 0x0000000614800000|  0%| F|  |TAMS 0x0000000614400000| PB 0x0000000614400000| Untracked 
|  71|0x0000000614800000, 0x0000000614800000, 0x0000000614c00000|  0%| F|  |TAMS 0x0000000614800000| PB 0x0000000614800000| Untracked 
|  72|0x0000000614c00000, 0x0000000614c00000, 0x0000000615000000|  0%| F|  |TAMS 0x0000000614c00000| PB 0x0000000614c00000| Untracked 
|  73|0x0000000615000000, 0x0000000615000000, 0x0000000615400000|  0%| F|  |TAMS 0x0000000615000000| PB 0x0000000615000000| Untracked 
|  74|0x0000000615400000, 0x0000000615400000, 0x0000000615800000|  0%| F|  |TAMS 0x0000000615400000| PB 0x0000000615400000| Untracked 
|  75|0x0000000615800000, 0x0000000615800000, 0x0000000615c00000|  0%| F|  |TAMS 0x0000000615800000| PB 0x0000000615800000| Untracked 
|  76|0x0000000615c00000, 0x0000000615c00000, 0x0000000616000000|  0%| F|  |TAMS 0x0000000615c00000| PB 0x0000000615c00000| Untracked 
|  77|0x0000000616000000, 0x0000000616000000, 0x0000000616400000|  0%| F|  |TAMS 0x0000000616000000| PB 0x0000000616000000| Untracked 
|  78|0x0000000616400000, 0x0000000616400000, 0x0000000616800000|  0%| F|  |TAMS 0x0000000616400000| PB 0x0000000616400000| Untracked 
|  79|0x0000000616800000, 0x0000000616800000, 0x0000000616c00000|  0%| F|  |TAMS 0x0000000616800000| PB 0x0000000616800000| Untracked 
|  80|0x0000000616c00000, 0x0000000616c00000, 0x0000000617000000|  0%| F|  |TAMS 0x0000000616c00000| PB 0x0000000616c00000| Untracked 
|  81|0x0000000617000000, 0x0000000617000000, 0x0000000617400000|  0%| F|  |TAMS 0x0000000617000000| PB 0x0000000617000000| Untracked 
|  82|0x0000000617400000, 0x0000000617400000, 0x0000000617800000|  0%| F|  |TAMS 0x0000000617400000| PB 0x0000000617400000| Untracked 
|  83|0x0000000617800000, 0x0000000617800000, 0x0000000617c00000|  0%| F|  |TAMS 0x0000000617800000| PB 0x0000000617800000| Untracked 
|  84|0x0000000617c00000, 0x0000000617c00000, 0x0000000618000000|  0%| F|  |TAMS 0x0000000617c00000| PB 0x0000000617c00000| Untracked 
|  85|0x0000000618000000, 0x0000000618000000, 0x0000000618400000|  0%| F|  |TAMS 0x0000000618000000| PB 0x0000000618000000| Untracked 
|  86|0x0000000618400000, 0x0000000618400000, 0x0000000618800000|  0%| F|  |TAMS 0x0000000618400000| PB 0x0000000618400000| Untracked 
|  87|0x0000000618800000, 0x0000000618800000, 0x0000000618c00000|  0%| F|  |TAMS 0x0000000618800000| PB 0x0000000618800000| Untracked 
|  88|0x0000000618c00000, 0x0000000618c00000, 0x0000000619000000|  0%| F|  |TAMS 0x0000000618c00000| PB 0x0000000618c00000| Untracked 
|  89|0x0000000619000000, 0x0000000619000000, 0x0000000619400000|  0%| F|  |TAMS 0x0000000619000000| PB 0x0000000619000000| Untracked 
|  90|0x0000000619400000, 0x0000000619400000, 0x0000000619800000|  0%| F|  |TAMS 0x0000000619400000| PB 0x0000000619400000| Untracked 
|  91|0x0000000619800000, 0x0000000619800000, 0x0000000619c00000|  0%| F|  |TAMS 0x0000000619800000| PB 0x0000000619800000| Untracked 
|  92|0x0000000619c00000, 0x0000000619c00000, 0x000000061a000000|  0%| F|  |TAMS 0x0000000619c00000| PB 0x0000000619c00000| Untracked 
|  93|0x000000061a000000, 0x000000061a000000, 0x000000061a400000|  0%| F|  |TAMS 0x000000061a000000| PB 0x000000061a000000| Untracked 
|  94|0x000000061a400000, 0x000000061a400000, 0x000000061a800000|  0%| F|  |TAMS 0x000000061a400000| PB 0x000000061a400000| Untracked 
|  95|0x000000061a800000, 0x000000061a800000, 0x000000061ac00000|  0%| F|  |TAMS 0x000000061a800000| PB 0x000000061a800000| Untracked 
|  96|0x000000061ac00000, 0x000000061ac00000, 0x000000061b000000|  0%| F|  |TAMS 0x000000061ac00000| PB 0x000000061ac00000| Untracked 
|  97|0x000000061b000000, 0x000000061b000000, 0x000000061b400000|  0%| F|  |TAMS 0x000000061b000000| PB 0x000000061b000000| Untracked 
|  98|0x000000061b400000, 0x000000061b400000, 0x000000061b800000|  0%| F|  |TAMS 0x000000061b400000| PB 0x000000061b400000| Untracked 
|  99|0x000000061b800000, 0x000000061b800000, 0x000000061bc00000|  0%| F|  |TAMS 0x000000061b800000| PB 0x000000061b800000| Untracked 
| 100|0x000000061bc00000, 0x000000061bc00000, 0x000000061c000000|  0%| F|  |TAMS 0x000000061bc00000| PB 0x000000061bc00000| Untracked 
| 101|0x000000061c000000, 0x000000061c000000, 0x000000061c400000|  0%| F|  |TAMS 0x000000061c000000| PB 0x000000061c000000| Untracked 
| 102|0x000000061c400000, 0x000000061c400000, 0x000000061c800000|  0%| F|  |TAMS 0x000000061c400000| PB 0x000000061c400000| Untracked 
| 103|0x000000061c800000, 0x000000061c800000, 0x000000061cc00000|  0%| F|  |TAMS 0x000000061c800000| PB 0x000000061c800000| Untracked 
| 104|0x000000061cc00000, 0x000000061cc00000, 0x000000061d000000|  0%| F|  |TAMS 0x000000061cc00000| PB 0x000000061cc00000| Untracked 
| 105|0x000000061d000000, 0x000000061d000000, 0x000000061d400000|  0%| F|  |TAMS 0x000000061d000000| PB 0x000000061d000000| Untracked 
| 106|0x000000061d400000, 0x000000061d400000, 0x000000061d800000|  0%| F|  |TAMS 0x000000061d400000| PB 0x000000061d400000| Untracked 
| 107|0x000000061d800000, 0x000000061d800000, 0x000000061dc00000|  0%| F|  |TAMS 0x000000061d800000| PB 0x000000061d800000| Untracked 
| 108|0x000000061dc00000, 0x000000061dc00000, 0x000000061e000000|  0%| F|  |TAMS 0x000000061dc00000| PB 0x000000061dc00000| Untracked 
| 109|0x000000061e000000, 0x000000061e000000, 0x000000061e400000|  0%| F|  |TAMS 0x000000061e000000| PB 0x000000061e000000| Untracked 
| 110|0x000000061e400000, 0x000000061e400000, 0x000000061e800000|  0%| F|  |TAMS 0x000000061e400000| PB 0x000000061e400000| Untracked 
| 111|0x000000061e800000, 0x000000061e800000, 0x000000061ec00000|  0%| F|  |TAMS 0x000000061e800000| PB 0x000000061e800000| Untracked 
| 112|0x000000061ec00000, 0x000000061ec00000, 0x000000061f000000|  0%| F|  |TAMS 0x000000061ec00000| PB 0x000000061ec00000| Untracked 
| 113|0x000000061f000000, 0x000000061f000000, 0x000000061f400000|  0%| F|  |TAMS 0x000000061f000000| PB 0x000000061f000000| Untracked 
| 114|0x000000061f400000, 0x000000061f400000, 0x000000061f800000|  0%| F|  |TAMS 0x000000061f400000| PB 0x000000061f400000| Untracked 
| 115|0x000000061f800000, 0x000000061f800000, 0x000000061fc00000|  0%| F|  |TAMS 0x000000061f800000| PB 0x000000061f800000| Untracked 
| 116|0x000000061fc00000, 0x000000061fc00000, 0x0000000620000000|  0%| F|  |TAMS 0x000000061fc00000| PB 0x000000061fc00000| Untracked 
| 117|0x0000000620000000, 0x0000000620000000, 0x0000000620400000|  0%| F|  |TAMS 0x0000000620000000| PB 0x0000000620000000| Untracked 
| 118|0x0000000620400000, 0x0000000620400000, 0x0000000620800000|  0%| F|  |TAMS 0x0000000620400000| PB 0x0000000620400000| Untracked 
| 119|0x0000000620800000, 0x0000000620800000, 0x0000000620c00000|  0%| F|  |TAMS 0x0000000620800000| PB 0x0000000620800000| Untracked 
| 120|0x0000000620c00000, 0x0000000620c00000, 0x0000000621000000|  0%| F|  |TAMS 0x0000000620c00000| PB 0x0000000620c00000| Untracked 
| 121|0x0000000621000000, 0x0000000621000000, 0x0000000621400000|  0%| F|  |TAMS 0x0000000621000000| PB 0x0000000621000000| Untracked 
| 122|0x0000000621400000, 0x0000000621400000, 0x0000000621800000|  0%| F|  |TAMS 0x0000000621400000| PB 0x0000000621400000| Untracked 
| 123|0x0000000621800000, 0x0000000621971f48, 0x0000000621c00000| 36%| E|  |TAMS 0x0000000621800000| PB 0x0000000621800000| Complete 
| 124|0x0000000621c00000, 0x0000000622000000, 0x0000000622000000|100%| E|CS|TAMS 0x0000000621c00000| PB 0x0000000621c00000| Complete 
| 125|0x0000000622000000, 0x0000000622400000, 0x0000000622400000|100%| E|CS|TAMS 0x0000000622000000| PB 0x0000000622000000| Complete 
| 126|0x0000000622400000, 0x0000000622800000, 0x0000000622800000|100%| E|CS|TAMS 0x0000000622400000| PB 0x0000000622400000| Complete 
| 127|0x0000000622800000, 0x0000000622c00000, 0x0000000622c00000|100%| E|CS|TAMS 0x0000000622800000| PB 0x0000000622800000| Complete 

Card table byte_map: [0x000001f9b74a0000,0x000001f9b8490000] _byte_map_base: 0x000001f9b448a000

Marking Bits: (CMBitMap*) 0x000001f9a2fb5d00
 Bits: [0x000001f9b8490000, 0x000001f9c03e0000)

Polling page: 0x000001f9a0c70000

Metaspace:

Usage:
  Non-class:      3.07 MB used.
      Class:    439.09 KB used.
       Both:      3.50 MB used.

Virtual space:
  Non-class space:       64.00 MB reserved,       3.19 MB (  5%) committed,  1 nodes.
      Class space:        1.00 GB reserved,     576.00 KB ( <1%) committed,  1 nodes.
             Both:        1.06 GB reserved,       3.75 MB ( <1%) committed. 

Chunk freelists:
   Non-Class:  10.10 MB
       Class:  15.37 MB
        Both:  25.47 MB

MaxMetaspaceSize: unlimited
CompressedClassSpaceSize: 1.00 GB
Initial GC threshold: 21.00 MB
Current GC threshold: 21.00 MB
CDS: on
 - commit_granule_bytes: 65536.
 - commit_granule_words: 8192.
 - virtual_space_node_default_size: 8388608.
 - enlarge_chunks_in_place: 1.
 - use_allocation_guard: 0.


Internal statistics:

num_allocs_failed_limit: 0.
num_arena_births: 216.
num_arena_deaths: 0.
num_vsnodes_births: 2.
num_vsnodes_deaths: 0.
num_space_committed: 60.
num_space_uncommitted: 0.
num_chunks_returned_to_freelist: 0.
num_chunks_taken_from_freelist: 375.
num_chunk_merges: 0.
num_chunk_splits: 219.
num_chunks_enlarged: 108.
num_inconsistent_stats: 0.

CodeHeap 'non-profiled nmethods': size=120000Kb used=414Kb max_used=414Kb free=119585Kb
 bounds [0x000001f9aea30000, 0x000001f9aeca0000, 0x000001f9b5f60000]
CodeHeap 'profiled nmethods': size=120000Kb used=1930Kb max_used=1930Kb free=118069Kb
 bounds [0x000001f9a6f60000, 0x000001f9a71d0000, 0x000001f9ae490000]
CodeHeap 'non-nmethods': size=5760Kb used=1430Kb max_used=1444Kb free=4330Kb
 bounds [0x000001f9ae490000, 0x000001f9ae700000, 0x000001f9aea30000]
CodeCache: size=245760Kb, used=3774Kb, max_used=3788Kb, free=241984Kb
 total_blobs=1736, nmethods=1219, adapters=422, full_count=0
Compilation: enabled, stopped_count=0, restarted_count=0

Compilation events (20 events):
Event: 0.263 Thread 0x000001f9c31ef250 1150       3       java.lang.invoke.AbstractValidatingLambdaMetafactory::isAdaptableTo (126 bytes)
Event: 0.263 Thread 0x000001f9c31ef250 nmethod 1150 0x000001f9a711f990 code [0x000001f9a711fc40, 0x000001f9a71205b0]
Event: 0.264 Thread 0x000001f9c31ef250 1152       3       java.lang.invoke.MemberName::<init> (139 bytes)
Event: 0.265 Thread 0x000001f9c31ef250 nmethod 1152 0x000001f9a7120990 code [0x000001f9a7120cc0, 0x000001f9a7121e18]
Event: 0.265 Thread 0x000001f9c31ef250 1153       3       jdk.internal.misc.Unsafe::copyMemory (33 bytes)
Event: 0.266 Thread 0x000001f9c31ef250 nmethod 1153 0x000001f9a7122390 code [0x000001f9a7122660, 0x000001f9a7123328]
Event: 0.266 Thread 0x000001f9c31ef250 1154       3       jdk.internal.misc.Unsafe::copyMemoryChecks (21 bytes)
Event: 0.267 Thread 0x000001f9c31ef250 nmethod 1154 0x000001f9a7123910 code [0x000001f9a7123be0, 0x000001f9a71248a0]
Event: 0.267 Thread 0x000001f9c31ef250 1155       3       java.nio.ByteBuffer::hasArray (20 bytes)
Event: 0.267 Thread 0x000001f9c31ef250 nmethod 1155 0x000001f9a7124e10 code [0x000001f9a7124fc0, 0x000001f9a7125158]
Event: 0.267 Thread 0x000001f9c31ef250 1156       3       jdk.internal.org.objectweb.asm.ClassWriter::<init> (7 bytes)
Event: 0.267 Thread 0x000001f9c31ef250 nmethod 1156 0x000001f9a7125210 code [0x000001f9a71253c0, 0x000001f9a7125508]
Event: 0.267 Thread 0x000001f9c31ef250 1157       3       java.lang.Record::<init> (5 bytes)
Event: 0.267 Thread 0x000001f9c31ef250 nmethod 1157 0x000001f9a7125590 code [0x000001f9a7125740, 0x000001f9a71258a8]
Event: 0.267 Thread 0x000001f9c31ef250 1158       3       jdk.internal.misc.VM::isSystemDomainLoader (17 bytes)
Event: 0.267 Thread 0x000001f9c31ef250 nmethod 1158 0x000001f9a7125990 code [0x000001f9a7125b60, 0x000001f9a7125ec8]
Event: 0.268 Thread 0x000001f9c31e4cb0 1159       4       java.lang.invoke.MethodType::hashCode (53 bytes)
Event: 0.268 Thread 0x000001f9c31ef250 1160       3       jdk.internal.misc.Unsafe::checkNativeAddress (28 bytes)
Event: 0.268 Thread 0x000001f9c31ef250 nmethod 1160 0x000001f9a7126010 code [0x000001f9a71261a0, 0x000001f9a71262b8]
Event: 0.268 Thread 0x000001f9c3425970 nmethod 1141 0x000001f9aea91b90 code [0x000001f9aea91e00, 0x000001f9aea92c78]

GC Heap History (0 events):
No events

Dll operation events (2 events):
Event: 0.004 Loaded shared library C:\Program Files\JetBrains\IntelliJ IDEA Community Edition 2025.2.3\jbr\bin\java.dll
Event: 0.079 Loaded shared library C:\Program Files\JetBrains\IntelliJ IDEA Community Edition 2025.2.3\jbr\bin\zip.dll

Deoptimization events (20 events):
Event: 0.251 Thread 0x000001f9c36240f0 Uncommon trap: trap_request=0xffffff66 fr.pc=0x000001f9aea89874 relative=0x0000000000000314
Event: 0.251 Thread 0x000001f9c36240f0 Uncommon trap: reason=speculate_class_check action=maybe_recompile pc=0x000001f9aea89874 method=sun.security.util.math.intpoly.IntegerPolynomial.multByInt([JJ)V @ 26 c2
Event: 0.251 Thread 0x000001f9c36240f0 DEOPT PACKING pc=0x000001f9aea89874 sp=0x000000e7660fe4b0
Event: 0.251 Thread 0x000001f9c36240f0 DEOPT UNPACKING pc=0x000001f9ae4e46a2 sp=0x000000e7660fe3f0 mode 2
Event: 0.251 Thread 0x000001f9c36240f0 Uncommon trap: trap_request=0xffffffde fr.pc=0x000001f9aea85f1c relative=0x000000000000025c
Event: 0.251 Thread 0x000001f9c36240f0 Uncommon trap: reason=class_check action=maybe_recompile pc=0x000001f9aea85f1c method=sun.security.util.math.intpoly.IntegerPolynomial.multByInt([JJ)V @ 26 c2
Event: 0.251 Thread 0x000001f9c36240f0 DEOPT PACKING pc=0x000001f9aea85f1c sp=0x000000e7660fe420
Event: 0.251 Thread 0x000001f9c36240f0 DEOPT UNPACKING pc=0x000001f9ae4e46a2 sp=0x000000e7660fe3f0 mode 2
Event: 0.251 Thread 0x000001f9c36240f0 Uncommon trap: trap_request=0xffffffde fr.pc=0x000001f9aea85f1c relative=0x000000000000025c
Event: 0.251 Thread 0x000001f9c36240f0 Uncommon trap: reason=class_check action=maybe_recompile pc=0x000001f9aea85f1c method=sun.security.util.math.intpoly.IntegerPolynomial.multByInt([JJ)V @ 26 c2
Event: 0.251 Thread 0x000001f9c36240f0 DEOPT PACKING pc=0x000001f9aea85f1c sp=0x000000e7660fe420
Event: 0.251 Thread 0x000001f9c36240f0 DEOPT UNPACKING pc=0x000001f9ae4e46a2 sp=0x000000e7660fe3f0 mode 2
Event: 0.251 Thread 0x000001f9c36240f0 Uncommon trap: trap_request=0xffffffde fr.pc=0x000001f9aea85f1c relative=0x000000000000025c
Event: 0.251 Thread 0x000001f9c36240f0 Uncommon trap: reason=class_check action=maybe_recompile pc=0x000001f9aea85f1c method=sun.security.util.math.intpoly.IntegerPolynomial.multByInt([JJ)V @ 26 c2
Event: 0.251 Thread 0x000001f9c36240f0 DEOPT PACKING pc=0x000001f9aea85f1c sp=0x000000e7660fe420
Event: 0.251 Thread 0x000001f9c36240f0 DEOPT UNPACKING pc=0x000001f9ae4e46a2 sp=0x000000e7660fe3f0 mode 2
Event: 0.251 Thread 0x000001f9c36240f0 Uncommon trap: trap_request=0xffffffde fr.pc=0x000001f9aea85f1c relative=0x000000000000025c
Event: 0.251 Thread 0x000001f9c36240f0 Uncommon trap: reason=class_check action=maybe_recompile pc=0x000001f9aea85f1c method=sun.security.util.math.intpoly.IntegerPolynomial.multByInt([JJ)V @ 26 c2
Event: 0.251 Thread 0x000001f9c36240f0 DEOPT PACKING pc=0x000001f9aea85f1c sp=0x000000e7660fe420
Event: 0.251 Thread 0x000001f9c36240f0 DEOPT UNPACKING pc=0x000001f9ae4e46a2 sp=0x000000e7660fe3f0 mode 2

Classes loaded (20 events):
Event: 0.167 Loading class jdk/net/ExtendedSocketOptions$1
Event: 0.167 Loading class jdk/net/ExtendedSocketOptions$1 done
Event: 0.168 Loading class java/nio/BufferMismatch
Event: 0.168 Loading class java/nio/BufferMismatch done
Event: 0.168 Loading class sun/nio/ch/SourceChannelImpl
Event: 0.168 Loading class java/nio/channels/Pipe$SourceChannel
Event: 0.168 Loading class java/nio/channels/Pipe$SourceChannel done
Event: 0.168 Loading class sun/nio/ch/SourceChannelImpl done
Event: 0.168 Loading class sun/nio/ch/SinkChannelImpl
Event: 0.168 Loading class java/nio/channels/Pipe$SinkChannel
Event: 0.168 Loading class java/nio/channels/Pipe$SinkChannel done
Event: 0.168 Loading class sun/nio/ch/SinkChannelImpl done
Event: 0.174 Loading class sun/net/spi/DefaultProxySelector$NonProxyInfo
Event: 0.174 Loading class sun/net/spi/DefaultProxySelector$NonProxyInfo done
Event: 0.174 Loading class sun/net/spi/DefaultProxySelector$3
Event: 0.174 Loading class sun/net/spi/DefaultProxySelector$3 done
Event: 0.256 Loading class jdk/internal/event/X509CertificateEvent
Event: 0.256 Loading class jdk/internal/event/X509CertificateEvent done
Event: 0.259 Loading class jdk/internal/event/TLSHandshakeEvent
Event: 0.260 Loading class jdk/internal/event/TLSHandshakeEvent done

Classes unloaded (0 events):
No events

Classes redefined (0 events):
No events

Internal exceptions (20 events):
Event: 0.113 Thread 0x000001f9a0cd2d40 Exception <a 'java/lang/NoSuchMethodError'{0x00000006225ea818}: 'java.lang.Object java.lang.invoke.DirectMethodHandle$Holder.invokeStaticInit(java.lang.Object, java.lang.Object, int, int, int, int)'> (0x00000006225ea818) 
thrown [s\src\hotspot\share\interpreter\linkResolver.cpp, line 784]
Event: 0.122 Thread 0x000001f9a0cd2d40 Exception <a 'java/lang/NoSuchMethodError'{0x00000006226abb18}: 'java.lang.Object java.lang.invoke.DirectMethodHandle$Holder.invokeStaticInit(java.lang.Object, java.lang.Object, int)'> (0x00000006226abb18) 
thrown [s\src\hotspot\share\interpreter\linkResolver.cpp, line 784]
Event: 0.122 Thread 0x000001f9a0cd2d40 Exception <a 'java/lang/NoSuchMethodError'{0x00000006226b1a20}: 'java.lang.Object java.lang.invoke.DirectMethodHandle$Holder.newInvokeSpecial(java.lang.Object, java.lang.Object, int)'> (0x00000006226b1a20) 
thrown [s\src\hotspot\share\interpreter\linkResolver.cpp, line 784]
Event: 0.124 Thread 0x000001f9a0cd2d40 Exception <a 'java/lang/NoSuchMethodError'{0x00000006226c75b8}: 'int java.lang.invoke.DirectMethodHandle$Holder.invokeSpecialIFC(java.lang.Object, java.lang.Object, java.lang.Object)'> (0x00000006226c75b8) 
thrown [s\src\hotspot\share\interpreter\linkResolver.cpp, line 784]
Event: 0.130 Thread 0x000001f9a0cd2d40 Exception <a 'java/lang/NoSuchMethodError'{0x00000006226ff7f8}: 'java.lang.Object java.lang.invoke.Invokers$Holder.invoke_MT(java.lang.Object, java.lang.Object, java.lang.Object, java.lang.Object, java.lang.Object, java.lang.Object, java.lang.Object, java.lang.Object, java.lang.Object, java.lang.Object)'> (0x00000006226ff7f8) 
thrown [s\src\hotspot\share\interpreter\linkResolver.cpp, line 784]
Event: 0.135 Thread 0x000001f9a0cd2d40 Exception <a 'java/lang/NoSuchMethodError'{0x000000062273efb0}: 'int java.lang.invoke.DirectMethodHandle$Holder.invokeSpecial(java.lang.Object, java.lang.Object, java.lang.Object, java.lang.Object)'> (0x000000062273efb0) 
thrown [s\src\hotspot\share\interpreter\linkResolver.cpp, line 784]
Event: 0.136 Thread 0x000001f9a0cd2d40 Exception <a 'java/lang/NoSuchMethodError'{0x00000006227542e0}: 'java.lang.Object java.lang.invoke.DirectMethodHandle$Holder.invokeSpecial(java.lang.Object, java.lang.Object, int, java.lang.Object, java.lang.Object)'> (0x00000006227542e0) 
thrown [s\src\hotspot\share\interpreter\linkResolver.cpp, line 784]
Event: 0.136 Thread 0x000001f9a0cd2d40 Exception <a 'java/lang/NoSuchMethodError'{0x0000000622757c70}: 'java.lang.Object java.lang.invoke.DelegatingMethodHandle$Holder.delegate(java.lang.Object, int, java.lang.Object, java.lang.Object)'> (0x0000000622757c70) 
thrown [s\src\hotspot\share\interpreter\linkResolver.cpp, line 784]
Event: 0.137 Thread 0x000001f9a0cd2d40 Exception <a 'java/lang/NoSuchMethodError'{0x0000000622767718}: 'int java.lang.invoke.Invokers$Holder.linkToTargetMethod(java.lang.Object, java.lang.Object, java.lang.Object)'> (0x0000000622767718) 
thrown [s\src\hotspot\share\interpreter\linkResolver.cpp, line 784]
Event: 0.139 Thread 0x000001f9a0cd2d40 Exception <a 'java/lang/NoSuchMethodError'{0x00000006227993d0}: 'long java.lang.invoke.DirectMethodHandle$Holder.invokeSpecial(java.lang.Object, java.lang.Object)'> (0x00000006227993d0) 
thrown [s\src\hotspot\share\interpreter\linkResolver.cpp, line 784]
Event: 0.140 Thread 0x000001f9a0cd2d40 Exception <a 'java/lang/NoSuchMethodError'{0x00000006227a0120}: 'java.lang.Object java.lang.invoke.Invokers$Holder.invokeExact_MT(java.lang.Object, java.lang.Object, java.lang.Object, java.lang.Object, java.lang.Object, java.lang.Object)'> (0x00000006227a0120) 
thrown [s\src\hotspot\share\interpreter\linkResolver.cpp, line 784]
Event: 0.172 Thread 0x000001f9a0cd2d40 Exception <a 'java/lang/NoSuchMethodError'{0x000000062216aab0}: 'java.lang.Object java.lang.invoke.DirectMethodHandle$Holder.newInvokeSpecial(java.lang.Object, java.lang.Object, java.lang.Object, java.lang.Object, java.lang.Object)'> (0x000000062216aab0) 
thrown [s\src\hotspot\share\interpreter\linkResolver.cpp, line 784]
Event: 0.187 Thread 0x000001f9a0cd2d40 Exception <a 'java/lang/NoSuchMethodError'{0x0000000622373530}: 'java.lang.Object java.lang.invoke.DirectMethodHandle$Holder.invokeSpecial(java.lang.Object, java.lang.Object, java.lang.Object, java.lang.Object, int)'> (0x0000000622373530) 
thrown [s\src\hotspot\share\interpreter\linkResolver.cpp, line 784]
Event: 0.187 Thread 0x000001f9a0cd2d40 Exception <a 'java/lang/NoSuchMethodError'{0x0000000622376e98}: 'java.lang.Object java.lang.invoke.Invokers$Holder.linkToTargetMethod(java.lang.Object, java.lang.Object, int, java.lang.Object)'> (0x0000000622376e98) 
thrown [s\src\hotspot\share\interpreter\linkResolver.cpp, line 784]
Event: 0.190 Thread 0x000001f9a0cd2d40 Exception <a 'java/lang/NoSuchMethodError'{0x00000006223a5688}: 'void java.lang.invoke.DirectMethodHandle$Holder.invokeSpecial(java.lang.Object, java.lang.Object, java.lang.Object)'> (0x00000006223a5688) 
thrown [s\src\hotspot\share\interpreter\linkResolver.cpp, line 784]
Event: 0.196 Thread 0x000001f9c35c0cf0 Exception <a 'java/lang/NoSuchMethodError'{0x0000000622195ca0}: 'void java.lang.invoke.DirectMethodHandle$Holder.invokeStatic(java.lang.Object, java.lang.Object, int)'> (0x0000000622195ca0) 
thrown [s\src\hotspot\share\interpreter\linkResolver.cpp, line 784]
Event: 0.197 Thread 0x000001f9a0cd2d40 Exception <a 'java/lang/NoSuchMethodError'{0x0000000621c353c0}: 'void java.lang.invoke.DirectMethodHandle$Holder.invokeSpecial(java.lang.Object, java.lang.Object, java.lang.Object, java.lang.Object, java.lang.Object)'> (0x0000000621c353c0) 
thrown [s\src\hotspot\share\interpreter\linkResolver.cpp, line 784]
Event: 0.200 Thread 0x000001f9c36240f0 Exception <a 'java/lang/NoSuchMethodError'{0x0000000621c9f718}: 'void java.lang.invoke.DirectMethodHandle$Holder.invokeInterface(java.lang.Object, java.lang.Object, java.lang.Object)'> (0x0000000621c9f718) 
thrown [s\src\hotspot\share\interpreter\linkResolver.cpp, line 784]
Event: 0.247 Thread 0x000001f9c36240f0 Exception <a 'java/lang/NoSuchMethodError'{0x0000000621f05530}: 'void java.lang.invoke.DirectMethodHandle$Holder.invokeInterface(java.lang.Object, java.lang.Object)'> (0x0000000621f05530) 
thrown [s\src\hotspot\share\interpreter\linkResolver.cpp, line 784]
Event: 0.260 Thread 0x000001f9c36240f0 Exception <a 'java/lang/NoSuchMethodError'{0x0000000621f7bcd0}: 'void java.lang.invoke.DirectMethodHandle$Holder.invokeStatic(java.lang.Object, java.lang.Object, java.lang.Object, java.lang.Object)'> (0x0000000621f7bcd0) 
thrown [s\src\hotspot\share\interpreter\linkResolver.cpp, line 784]

ZGC Phase Switch (0 events):
No events

VM Operations (6 events):
Event: 0.045 Executing VM operation: HandshakeAllThreads (Deoptimize)
Event: 0.045 Executing VM operation: HandshakeAllThreads (Deoptimize) done
Event: 0.105 Executing VM operation: HandshakeAllThreads (Deoptimize)
Event: 0.105 Executing VM operation: HandshakeAllThreads (Deoptimize) done
Event: 0.197 Executing VM operation: HandshakeAllThreads (Deoptimize)
Event: 0.197 Executing VM operation: HandshakeAllThreads (Deoptimize) done

Memory protections (0 events):
No events

Nmethod flushes (0 events):
No events

Events (20 events):
Event: 0.030 Thread 0x000001f9a0cd2d40 Thread added: 0x000001f9c31d3680
Event: 0.030 Thread 0x000001f9a0cd2d40 Thread added: 0x000001f9c31d52f0
Event: 0.030 Thread 0x000001f9a0cd2d40 Thread added: 0x000001f9c31d7d60
Event: 0.030 Thread 0x000001f9a0cd2d40 Thread added: 0x000001f9c31d87c0
Event: 0.030 Thread 0x000001f9a0cd2d40 Thread added: 0x000001f9c31d94a0
Event: 0.030 Thread 0x000001f9a0cd2d40 Thread added: 0x000001f9c31d9f00
Event: 0.030 Thread 0x000001f9a0cd2d40 Thread added: 0x000001f9c31e4cb0
Event: 0.030 Thread 0x000001f9a0cd2d40 Thread added: 0x000001f9c31ef250
Event: 0.038 Thread 0x000001f9a0cd2d40 Thread added: 0x000001f9c3330880
Event: 0.040 Loaded shared library C:\Program Files\JetBrains\IntelliJ IDEA Community Edition 2025.2.3\jbr\bin\net.dll
Event: 0.042 Loaded shared library C:\Program Files\JetBrains\IntelliJ IDEA Community Edition 2025.2.3\jbr\bin\nio.dll
Event: 0.044 Loaded shared library C:\Program Files\JetBrains\IntelliJ IDEA Community Edition 2025.2.3\jbr\bin\zip.dll
Event: 0.068 Loaded shared library C:\Program Files\JetBrains\IntelliJ IDEA Community Edition 2025.2.3\jbr\bin\jimage.dll
Event: 0.080 Thread 0x000001f9c31ef250 Thread added: 0x000001f9c34252a0
Event: 0.149 Loaded shared library C:\Program Files\JetBrains\IntelliJ IDEA Community Edition 2025.2.3\jbr\bin\sunmscapi.dll
Event: 0.166 Loaded shared library C:\Program Files\JetBrains\IntelliJ IDEA Community Edition 2025.2.3\jbr\bin\extnet.dll
Event: 0.169 Thread 0x000001f9a0cd2d40 Thread added: 0x000001f9c35c0cf0
Event: 0.199 Thread 0x000001f9c35c0cf0 Thread added: 0x000001f9c36240f0
Event: 0.207 Thread 0x000001f9c35c0cf0 Thread added: 0x000001f9c36a8da0
Event: 0.220 Thread 0x000001f9c31ef250 Thread added: 0x000001f9c3425970


Dynamic libraries:
0x00007ff766110000 - 0x00007ff76611a000 	C:\Program Files\JetBrains\IntelliJ IDEA Community Edition 2025.2.3\jbr\bin\java.exe
0x00007ffbb1250000 - 0x00007ffbb1448000 	C:\Windows\SYSTEM32\ntdll.dll
0x00007ffbb02d0000 - 0x00007ffbb0392000 	C:\Windows\System32\KERNEL32.DLL
0x00007ffbaec40000 - 0x00007ffbaef36000 	C:\Windows\System32\KERNELBASE.dll
0x00007ffbae8f0000 - 0x00007ffbae9f0000 	C:\Windows\System32\ucrtbase.dll
0x00007ffb8b1a0000 - 0x00007ffb8b1b8000 	C:\Program Files\JetBrains\IntelliJ IDEA Community Edition 2025.2.3\jbr\bin\jli.dll
0x00007ffbaa030000 - 0x00007ffbaa04b000 	C:\Program Files\JetBrains\IntelliJ IDEA Community Edition 2025.2.3\jbr\bin\VCRUNTIME140.dll
0x00007ffbafa20000 - 0x00007ffbafbbd000 	C:\Windows\System32\USER32.dll
0x00007ffbaf250000 - 0x00007ffbaf272000 	C:\Windows\System32\win32u.dll
0x00007ffba5170000 - 0x00007ffba540b000 	C:\Windows\WinSxS\amd64_microsoft.windows.common-controls_6595b64144ccf1df_6.0.19041.6280_none_60bc30a171f2f3f3\COMCTL32.dll
0x00007ffbafc80000 - 0x00007ffbafcab000 	C:\Windows\System32\GDI32.dll
0x00007ffbb1080000 - 0x00007ffbb111e000 	C:\Windows\System32\msvcrt.dll
0x00007ffbaf130000 - 0x00007ffbaf249000 	C:\Windows\System32\gdi32full.dll
0x00007ffbaeb50000 - 0x00007ffbaebed000 	C:\Windows\System32\msvcp_win.dll
0x00007ffbb08e0000 - 0x00007ffbb090f000 	C:\Windows\System32\IMM32.DLL
0x00007ffba93d0000 - 0x00007ffba93dc000 	C:\Program Files\JetBrains\IntelliJ IDEA Community Edition 2025.2.3\jbr\bin\vcruntime140_1.dll
0x00007ffb7f430000 - 0x00007ffb7f4bd000 	C:\Program Files\JetBrains\IntelliJ IDEA Community Edition 2025.2.3\jbr\bin\msvcp140.dll
0x00007ffb3bce0000 - 0x00007ffb3caab000 	C:\Program Files\JetBrains\IntelliJ IDEA Community Edition 2025.2.3\jbr\bin\server\jvm.dll
0x00007ffbafde0000 - 0x00007ffbafe91000 	C:\Windows\System32\ADVAPI32.dll
0x00007ffbaf6b0000 - 0x00007ffbaf74f000 	C:\Windows\System32\sechost.dll
0x00007ffbaf750000 - 0x00007ffbaf870000 	C:\Windows\System32\RPCRT4.dll
0x00007ffbaef40000 - 0x00007ffbaef67000 	C:\Windows\System32\bcrypt.dll
0x00007ffbafd70000 - 0x00007ffbafddb000 	C:\Windows\System32\WS2_32.dll
0x00007ffbade40000 - 0x00007ffbade8b000 	C:\Windows\SYSTEM32\POWRPROF.dll
0x00007ffba2e50000 - 0x00007ffba2e77000 	C:\Windows\SYSTEM32\WINMM.dll
0x00007ffba89b0000 - 0x00007ffba89ba000 	C:\Windows\SYSTEM32\VERSION.dll
0x00007ffbadcb0000 - 0x00007ffbadcc2000 	C:\Windows\SYSTEM32\UMPDC.dll
0x00007ffbac750000 - 0x00007ffbac762000 	C:\Windows\SYSTEM32\kernel.appcore.dll
0x00007ffba93c0000 - 0x00007ffba93ca000 	C:\Program Files\JetBrains\IntelliJ IDEA Community Edition 2025.2.3\jbr\bin\jimage.dll
0x00007ffba24c0000 - 0x00007ffba26c1000 	C:\Windows\SYSTEM32\DBGHELP.DLL
0x00007ffb9e300000 - 0x00007ffb9e334000 	C:\Windows\SYSTEM32\dbgcore.DLL
0x00007ffbaf0a0000 - 0x00007ffbaf122000 	C:\Windows\System32\bcryptPrimitives.dll
0x00007ffba5de0000 - 0x00007ffba5e00000 	C:\Program Files\JetBrains\IntelliJ IDEA Community Edition 2025.2.3\jbr\bin\java.dll
0x00007ffbb0910000 - 0x00007ffbb1080000 	C:\Windows\System32\SHELL32.dll
0x00007ffbac950000 - 0x00007ffbad0f5000 	C:\Windows\SYSTEM32\windows.storage.dll
0x00007ffbaff50000 - 0x00007ffbb02a3000 	C:\Windows\System32\combase.dll
0x00007ffbae240000 - 0x00007ffbae26b000 	C:\Windows\SYSTEM32\Wldp.dll
0x00007ffbb03a0000 - 0x00007ffbb046d000 	C:\Windows\System32\OLEAUT32.dll
0x00007ffbafea0000 - 0x00007ffbaff4d000 	C:\Windows\System32\SHCORE.dll
0x00007ffbaf360000 - 0x00007ffbaf3bb000 	C:\Windows\System32\shlwapi.dll
0x00007ffbae820000 - 0x00007ffbae844000 	C:\Windows\SYSTEM32\profapi.dll
0x00007ffba93b0000 - 0x00007ffba93c0000 	C:\Program Files\JetBrains\IntelliJ IDEA Community Edition 2025.2.3\jbr\bin\net.dll
0x00007ffba8150000 - 0x00007ffba825a000 	C:\Windows\SYSTEM32\WINHTTP.dll
0x00007ffbae020000 - 0x00007ffbae08a000 	C:\Windows\system32\mswsock.dll
0x00007ffba4db0000 - 0x00007ffba4dc6000 	C:\Program Files\JetBrains\IntelliJ IDEA Community Edition 2025.2.3\jbr\bin\nio.dll
0x00007ffba4dd0000 - 0x00007ffba4de8000 	C:\Program Files\JetBrains\IntelliJ IDEA Community Edition 2025.2.3\jbr\bin\zip.dll
0x00007ffbae280000 - 0x00007ffbae298000 	C:\Windows\SYSTEM32\CRYPTSP.dll
0x00007ffbad8f0000 - 0x00007ffbad928000 	C:\Windows\system32\rsaenh.dll
0x00007ffbae7a0000 - 0x00007ffbae7ce000 	C:\Windows\SYSTEM32\USERENV.dll
0x00007ffbae1b0000 - 0x00007ffbae1bc000 	C:\Windows\SYSTEM32\CRYPTBASE.dll
0x00007ffbadcd0000 - 0x00007ffbadd0b000 	C:\Windows\SYSTEM32\IPHLPAPI.DLL
0x00007ffbaf6a0000 - 0x00007ffbaf6a8000 	C:\Windows\System32\NSI.dll
0x00007ffba58e0000 - 0x00007ffba58ee000 	C:\Program Files\JetBrains\IntelliJ IDEA Community Edition 2025.2.3\jbr\bin\sunmscapi.dll
0x00007ffbae9f0000 - 0x00007ffbaeb4d000 	C:\Windows\System32\CRYPT32.dll
0x00007ffbae390000 - 0x00007ffbae3b7000 	C:\Windows\SYSTEM32\ncrypt.dll
0x00007ffbae350000 - 0x00007ffbae38b000 	C:\Windows\SYSTEM32\NTASN1.dll
0x00007ffb84eb0000 - 0x00007ffb84eb7000 	C:\Windows\system32\wshunix.dll
0x00007ffba4da0000 - 0x00007ffba4da9000 	C:\Program Files\JetBrains\IntelliJ IDEA Community Edition 2025.2.3\jbr\bin\extnet.dll

JVMTI agents: none

dbghelp: loaded successfully - version: 4.0.5 - missing functions: none
symbol engine: initialized successfully - sym options: 0x614 - pdb path: .;C:\Program Files\JetBrains\IntelliJ IDEA Community Edition 2025.2.3\jbr\bin;C:\Windows\SYSTEM32;C:\Windows\WinSxS\amd64_microsoft.windows.common-controls_6595b64144ccf1df_6.0.19041.6280_none_60bc30a171f2f3f3;C:\Program Files\JetBrains\IntelliJ IDEA Community Edition 2025.2.3\jbr\bin\server

VM Arguments:
java_command: git4idea.http.GitAskPassApp Password for 'https://Youssef-BenNejah@github.com': 
java_class_path (initial): C:/Program Files/JetBrains/IntelliJ IDEA Community Edition 2025.2.3/plugins/vcs-git/lib/git4idea-rt.jar;C:/Program Files/JetBrains/IntelliJ IDEA Community Edition 2025.2.3/lib/externalProcess-rt.jar
Launcher Type: SUN_STANDARD

[Global flags]
     intx CICompilerCount                          = 4                                         {product} {ergonomic}
     uint ConcGCThreads                            = 3                                         {product} {ergonomic}
     uint G1ConcRefinementThreads                  = 10                                        {product} {ergonomic}
   size_t G1HeapRegionSize                         = 4194304                                   {product} {ergonomic}
    uintx GCDrainStackTargetSize                   = 64                                        {product} {ergonomic}
   size_t InitialHeapSize                          = 536870912                                 {product} {ergonomic}
   size_t MarkStackSize                            = 4194304                                   {product} {ergonomic}
   size_t MaxHeapSize                              = 8543797248                                {product} {ergonomic}
   size_t MaxNewSize                               = 5125439488                                {product} {ergonomic}
   size_t MinHeapDeltaBytes                        = 4194304                                   {product} {ergonomic}
   size_t MinHeapSize                              = 8388608                                   {product} {ergonomic}
    uintx NonNMethodCodeHeapSize                   = 5839372                                {pd product} {ergonomic}
    uintx NonProfiledCodeHeapSize                  = 122909434                              {pd product} {ergonomic}
    uintx ProfiledCodeHeapSize                     = 122909434                              {pd product} {ergonomic}
    uintx ReservedCodeCacheSize                    = 251658240                              {pd product} {ergonomic}
     bool SegmentedCodeCache                       = true                                      {product} {ergonomic}
   size_t SoftMaxHeapSize                          = 8543797248                             {manageable} {ergonomic}
     bool UseCompressedOops                        = true                           {product lp64_product} {ergonomic}
     bool UseG1GC                                  = true                                      {product} {ergonomic}
     bool UseLargePagesIndividualAllocation        = false                                  {pd product} {ergonomic}

Logging:
Log output configuration:
 #0: stdout all=warning uptime,level,tags foldmultilines=false
 #1: stderr all=off uptime,level,tags foldmultilines=false

Environment Variables:
PATH=C:/Program Files/Git/mingw64/libexec/git-core;C:/Program Files/Git/mingw64/libexec/git-core;C:\Program Files\Git\mingw64\bin;C:\Program Files\Git\usr\bin;C:\Users\Youssef\bin;C:\Python313\Scripts\;C:\Python313\;C:\Windows\system32;C:\Windows;C:\Windows\System32\Wbem;C:\Windows\System32\WindowsPowerShell\v1.0\;C:\Windows\System32\OpenSSH\;C:\Program Files\dotnet\;C:\Program Files\nodejs\;C:\ProgramData\chocolatey\bin;C:\Program Files\Docker\Docker\resources\bin;C:\Program Files\Git\cmd;C:\Users\Youssef\AppData\Local\Programs\Python\Python314\Scripts\;C:\Users\Youssef\AppData\Local\Programs\Python\Python314\;C:\Users\Youssef\AppData\Local\Microsoft\WindowsApps;C:\Users\Youssef\AppData\Roaming\npm;C:\Users\Youssef\AppData\Local\Programs\Microsoft VS Code\bin;C:\Program Files\JetBrains\IntelliJ IDEA Community Edition 2025.2.3\bin
USERNAME=Youssef
DISPLAY=:0.0
LC_ALL=en_US.UTF-8
TERM=xterm-256color
TMPDIR=C:\Users\Youssef\AppData\Local\Temp
OS=Windows_NT
PROCESSOR_IDENTIFIER=Intel64 Family 6 Model 151 Stepping 5, GenuineIntel
TMP=C:\Users\Youssef\AppData\Local\Temp
TEMP=C:\Users\Youssef\AppData\Local\Temp




Periodic native trim disabled

JNI global refs:
JNI global refs: 20, weak refs: 0

JNI global refs memory usage: 835, weak refs: 833

Process memory usage:
Resident Set Size: 90488K (0% of 33363376K total physical memory with 12091836K free physical memory)

OOME stack traces (most recent first):
Classloader memory used:
Loader jdk.internal.loader.ClassLoaders$PlatformClassLoader                            : 2045K
Loader bootstrap                                                                       : 1590K
Loader jdk.internal.loader.ClassLoaders$AppClassLoader                                 : 25744B

---------------  S Y S T E M  ---------------

OS:
 Windows 10 , 64 bit Build 19041 (10.0.19041.5915)
OS uptime: 7 days 1:50 hours
Hyper-V role detected

CPU: total 12 (initial active 12) (6 cores per cpu, 2 threads per core) family 6 model 151 stepping 5 microcode 0x2c, cx8, cmov, fxsr, ht, mmx, 3dnowpref, sse, sse2, sse3, ssse3, sse4.1, sse4.2, popcnt, lzcnt, tsc, tscinvbit, avx, avx2, aes, erms, clmul, bmi1, bmi2, adx, sha, fma, vzeroupper, clflush, clflushopt, clwb, hv, rdtscp, rdpid, fsrm, f16c, cet_ibt, cet_ss
Processor Information for the first 12 processors :
  Max Mhz: 2500, Current Mhz: 2500, Mhz Limit: 2500

Memory: 4k page, system-wide physical 32581M (11808M free)
TotalPageFile size 93549M (AvailPageFile size 6M)
current process WorkingSet (physical memory assigned to process): 88M, peak: 88M
current process commit charge ("private bytes"): 638M, peak: 640M

vm_info: OpenJDK 64-Bit Server VM (21.0.8+1-b1038.72) for windows-amd64 JRE (21.0.8+1-b1038.72), built on 2025-09-08 by "builduser" with MS VC++ 16.10 / 16.11 (VS2019)

END.
